C51 COMPILER V9.60.7.0   MIAN                                                              05/12/2023 22:14:33 PAGE 1   


C51 COMPILER V9.60.7.0, COMPILATION OF MODULE MIAN
OBJECT MODULE PLACED IN .\Objects\mian.obj
COMPILER INVOKED BY: D:\Keil_v4\C51\BIN\C51.EXE mian.c OPTIMIZE(8,SPEED) BROWSE DEBUG OBJECTEXTEND PRINT(.\Listings\mian
                    -.lst) TABS(2) OBJECT(.\Objects\mian.obj)

line level    source

   1          #include <REGX52.H>
   2          
   3          void delay(float s)
   4          {
   5   1        long k=s*10000;
   6   1        while(k--);
   7   1      }
   8          
   9          //void light_led()
  10          //{
  11          //  while(1)
  12          //  {
  13          //    P2 = 0xFE;
  14          //    delay(0.2);
  15          //    P2 = 0xFD;
  16          //    delay(0.4);
  17          //    P2 = 0xFB;
  18          //    delay(0.6);
  19          //    P2 = 0xF7;
  20          //    delay(0.8);
  21          //    P2 = 0xEF;
  22          //    delay(1);
  23          ////    P2 = 0xDF;
  24          ////    delay(1.2);
  25          ////    P2 = 0xBF;
  26          ////    delay(1.3);
  27          ////    P2 = 0x7F;
  28          ////    delay(1.6);
  29          //  }
  30          //}
  31          
  32          
  33          void key_down()
  34          {
  35   1        unsigned char LEDNum = 0;
  36   1        while(1)
  37   1        {
  38   2      //    if(P3_1==0)
  39   2      //    {
  40   2      //      delay(0.02);
  41   2      //      while(P3_1==0);
  42   2      //      delay(0.02); 
  43   2      //      P2_0 = ~P2_0;
  44   2      //    }
  45   2          
  46   2          
  47   2      //    if(P3_1==0){
  48   2      //      
  49   2      //      delay(0.02);
  50   2      //      while(P3_1==0);
  51   2      //      delay(0.02); 
  52   2      //      
  53   2      //      LEDNum ++;
  54   2      //      P2 = ~LEDNum;
C51 COMPILER V9.60.7.0   MIAN                                                              05/12/2023 22:14:33 PAGE 2   

  55   2      //    }
  56   2          
  57   2          if(P3_1==0){
  58   3            
  59   3            delay(0.02);
  60   3            while(P3_1==0);
  61   3            delay(0.02); 
  62   3            
  63   3            
  64   3            if(LEDNum == 0)
  65   3            {
  66   4              LEDNum = 8;
  67   4            }
  68   3            LEDNum--;
  69   3            P2 = ~(0x01 << LEDNum);
  70   3          }
  71   2          
  72   2          if(P3_3==0){
  73   3            
  74   3            delay(0.02);
  75   3            while(P3_3==0);
  76   3            delay(0.02); 
  77   3            
  78   3            LEDNum ++;
  79   3            if(LEDNum ==8)
  80   3            {
  81   4              LEDNum = 0;
  82   4            }
  83   3            P2 = ~(0x01 << LEDNum);
  84   3          }
  85   2          
  86   2        }
  87   1      }
  88          
  89          void main()
  90          {
  91   1        key_down();
  92   1      }


MODULE INFORMATION:   STATIC OVERLAYABLE
   CODE SIZE        =    143    ----
   CONSTANT SIZE    =   ----    ----
   XDATA SIZE       =   ----    ----
   PDATA SIZE       =   ----    ----
   DATA SIZE        =   ----       9
   IDATA SIZE       =   ----    ----
   BIT SIZE         =   ----    ----
END OF MODULE INFORMATION.


C51 COMPILATION COMPLETE.  0 WARNING(S),  0 ERROR(S)
