C51 COMPILER V9.60.7.0   DIANZHEN                                                          05/14/2023 23:58:47 PAGE 1   


C51 COMPILER V9.60.7.0, COMPILATION OF MODULE DIANZHEN
OBJECT MODULE PLACED IN .\Objects\dianzhen.obj
COMPILER INVOKED BY: D:\Keil_v4\C51\BIN\C51.EXE dianzhen.c COMPACT OPTIMIZE(8,SPEED) BROWSE DEBUG OBJECTEXTEND PRINT(.\L
                    -istings\dianzhen.lst) TABS(2) OBJECT(.\Objects\dianzhen.obj)

line level    source

   1          #include <REGX52.H>
   2          #include "dianzhen.h"
   3          #include "delay.h"
   4          
   5          sbit RCK=P3^5;
   6          sbit SCK=P3^6;
   7          sbit SER=P3^4;
   8          
   9          unsigned char hello[] = {
  10            0xFF,0x08,0x08,0x08,0xFF,0x00,0x0E,0x15,0x15,0x15,0x08,0x00,0x7E,0x01,0x02,0x00,
  11            0x7E,0x01,0x02,0x00,0x0E,0x11,0x11,0x0E,0x00,0xFD,0x00,0x00,0x00,0x00,0x00,0x00,
  12          };
  13          
  14          void _74HC595_write(unsigned char byte)
  15          {
  16   1        unsigned char i;
  17   1        for(i=0;i<8;i++)
  18   1        {
  19   2          SER=byte&(0x80>>i);
  20   2          SCK=1;
  21   2          SCK=0;
  22   2        }
  23   1        RCK=1;
  24   1        RCK=0;
  25   1      }
  26          
  27          void MatrixLED_Column(unsigned char column, dta)
  28          {
  29   1        _74HC595_write(dta);
  30   1        P0 = ~(0x80>>column);
  31   1        delay(1);
  32   1        P0 = 0xFF;
  33   1      }
  34          
  35          void dianzhen_test()
  36          {
  37   1        unsigned char i, offset=0, cnt=0;
  38   1        
  39   1        SCK=0;
  40   1        RCK=0;
  41   1        
  42   1        while(1)
  43   1        {
  44   2          for(i=0;i<8;i++)
  45   2          {
  46   3            MatrixLED_Column(i, hello[i+offset]);
  47   3            cnt++;
  48   3            if(cnt > 100)
  49   3            {
  50   4              cnt=0;
  51   4              offset++;
  52   4              if(offset>24)
  53   4              {
  54   5                offset = 0;
C51 COMPILER V9.60.7.0   DIANZHEN                                                          05/14/2023 23:58:47 PAGE 2   

  55   5              }
  56   4            }
  57   3          }
  58   2        }
  59   1      }


MODULE INFORMATION:   STATIC OVERLAYABLE
   CODE SIZE        =    155    ----
   CONSTANT SIZE    =   ----    ----
   XDATA SIZE       =   ----    ----
   PDATA SIZE       =     32       3
   DATA SIZE        =   ----    ----
   IDATA SIZE       =   ----    ----
   BIT SIZE         =   ----    ----
END OF MODULE INFORMATION.


C51 COMPILATION COMPLETE.  0 WARNING(S),  0 ERROR(S)
