C51 COMPILER V9.60.7.0   INTRRUPT                                                          05/15/2023 00:52:11 PAGE 1   


C51 COMPILER V9.60.7.0, COMPILATION OF MODULE INTRRUPT
OBJECT MODULE PLACED IN .\Objects\intrrupt.obj
COMPILER INVOKED BY: D:\Keil_v4\C51\BIN\C51.EXE intrrupt.c COMPACT OPTIMIZE(8,SPEED) BROWSE DEBUG OBJECTEXTEND PRINT(.\L
                    -istings\intrrupt.lst) TABS(2) OBJECT(.\Objects\intrrupt.obj)

line level    source

   1          #include <REGX52.H>
   2          
   3          
   4          /**
   5            * @brief  外部中断0初始化
   6            * @param  无
   7            * @retval 无
   8            */
   9          void Int0_Init(void)
  10          {
  11   1        IT0=1;
  12   1        IE0=0;
  13   1        EX0=1;
  14   1        EA=1;
  15   1        PX0=1;
  16   1      }
  17          


MODULE INFORMATION:   STATIC OVERLAYABLE
   CODE SIZE        =     11    ----
   CONSTANT SIZE    =   ----    ----
   XDATA SIZE       =   ----    ----
   PDATA SIZE       =   ----    ----
   DATA SIZE        =   ----    ----
   IDATA SIZE       =   ----    ----
   BIT SIZE         =   ----    ----
END OF MODULE INFORMATION.


C51 COMPILATION COMPLETE.  0 WARNING(S),  0 ERROR(S)
