C51 COMPILER V9.60.7.0   MAIN                                                              05/14/2023 23:58:46 PAGE 1   


C51 COMPILER V9.60.7.0, COMPILATION OF MODULE MAIN
OBJECT MODULE PLACED IN .\Objects\main.obj
COMPILER INVOKED BY: D:\Keil_v4\C51\BIN\C51.EXE main.c COMPACT OPTIMIZE(8,SPEED) BROWSE DEBUG OBJECTEXTEND PRINT(.\Listi
                    -ngs\main.lst) TABS(2) OBJECT(.\Objects\main.obj)

line level    source

   1          #include <REGX52.H> 
   2          #include "delay.h"
   3          #include "nixie_tube.h"
   4          #include "LCD1602.h"
   5          #include "matrix.h"
   6          #include "timer.h"
   7          #include "uart.h"
   8          #include "dianzhen.h"
   9          #include "beep.h"
  10          #include "pwm.h"
  11          #include "remote.h"
  12          #include "demo.h"
  13          
  14          //void lcd_test()
  15          //{
  16          //  LCD_Init();
  17          //  LCD_ShowChar(1,1,'B');
  18          //  LCD_ShowString(1,3,"Hello");
  19          //  LCD_ShowNum(1,9,123,3);
  20          //  LCD_ShowHexNum(2,1,0xA9,2);
  21          //  LCD_ShowBinNum(2,4,0xA9,8);
  22          //}
  23          
  24          
  25          void main()
  26          {
  27   1      //  LCD_Init();
  28   1      //  nixie_tube();
  29   1      //  lcd_test();
  30   1      //  matrix_test();
  31   1      //  timer0_test();
  32   1      //  uart_test();
  33   1      //    dianzhen_test();
  34   1      //    beep_test();
  35   1      //    pwm_test();
  36   1      //    remote_test();
  37   1        demo_test();
  38   1      }
  39          


MODULE INFORMATION:   STATIC OVERLAYABLE
   CODE SIZE        =      3    ----
   CONSTANT SIZE    =   ----    ----
   XDATA SIZE       =   ----    ----
   PDATA SIZE       =   ----    ----
   DATA SIZE        =   ----    ----
   IDATA SIZE       =   ----    ----
   BIT SIZE         =   ----    ----
END OF MODULE INFORMATION.


C51 COMPILATION COMPLETE.  0 WARNING(S),  0 ERROR(S)
