C51 COMPILER V9.60.7.0   MATRIX                                                            05/14/2023 23:58:46 PAGE 1   


C51 COMPILER V9.60.7.0, COMPILATION OF MODULE MATRIX
OBJECT MODULE PLACED IN .\Objects\matrix.obj
COMPILER INVOKED BY: D:\Keil_v4\C51\BIN\C51.EXE matrix.c COMPACT OPTIMIZE(8,SPEED) BROWSE DEBUG OBJECTEXTEND PRINT(.\Lis
                    -tings\matrix.lst) TABS(2) OBJECT(.\Objects\matrix.obj)

line level    source

   1          #include <REGX52.H> 
   2          #include "delay.h"
   3          #include "LCD1602.h"
   4          
   5          unsigned char MatrixKey()
   6          {
   7   1        unsigned char keyNum = 0;
   8   1        
   9   1        P1 = 0xFF;
  10   1        P1_3 = 0;
  11   1        if(P1_7 == 0){delay(20);while(P1_7 == 0); delay(20); keyNum = 1;}
  12   1        if(P1_6 == 0){delay(20);while(P1_6 == 0); delay(20); keyNum = 5;}
  13   1        if(P1_5 == 0){delay(20);while(P1_5 == 0); delay(20); keyNum = 9;}
  14   1        if(P1_4 == 0){delay(20);while(P1_4 == 0); delay(20); keyNum = 13;}
  15   1        
  16   1        P1 = 0xFF;
  17   1        P1_2 = 0;
  18   1        if(P1_7 == 0){delay(20);while(P1_7 == 0); delay(20); keyNum = 2;}
  19   1        if(P1_6 == 0){delay(20);while(P1_6 == 0); delay(20); keyNum = 6;}
  20   1        if(P1_5 == 0){delay(20);while(P1_5 == 0); delay(20); keyNum = 10;}
  21   1        if(P1_4 == 0){delay(20);while(P1_4 == 0); delay(20); keyNum = 14;}
  22   1        
  23   1        P1 = 0xFF;
  24   1        P1_1 = 0;
  25   1        if(P1_7 == 0){delay(20);while(P1_7 == 0); delay(20); keyNum = 3;}
  26   1        if(P1_6 == 0){delay(20);while(P1_6 == 0); delay(20); keyNum = 7;}
  27   1        if(P1_5 == 0){delay(20);while(P1_5 == 0); delay(20); keyNum = 11;}
  28   1        if(P1_4 == 0){delay(20);while(P1_4 == 0); delay(20); keyNum = 15;}
  29   1        
  30   1        P1 = 0xFF;
  31   1        P1_0 = 0;
  32   1        if(P1_7 == 0){delay(20);while(P1_7 == 0); delay(20); keyNum = 4;}
  33   1        if(P1_6 == 0){delay(20);while(P1_6 == 0); delay(20); keyNum = 8;}
  34   1        if(P1_5 == 0){delay(20);while(P1_5 == 0); delay(20); keyNum = 12;}
  35   1        if(P1_4 == 0){delay(20);while(P1_4 == 0); delay(20); keyNum = 16;}
  36   1        
  37   1        return keyNum;
  38   1      }
  39          
  40          
  41          unsigned char keyNum;
  42          int password = 6789;
  43          int input = 0;
  44          
  45          void clear_pwd()
  46          {
  47   1        input = 0;
  48   1        LCD_ShowNum(2,1,input,4);
  49   1      }
  50          
  51          
  52          void matrix_test()
  53          {
  54   1        LCD_ShowString(1,1,"Password");
C51 COMPILER V9.60.7.0   MATRIX                                                            05/14/2023 23:58:46 PAGE 2   

  55   1        while(1)
  56   1        {
  57   2            keyNum = MatrixKey();
  58   2          
  59   2            if(keyNum && keyNum == 16) // 确认
  60   2            {
  61   3              if(password == input){
  62   4                LCD_ShowString(1,14,"YES");
  63   4                clear_pwd();
  64   4              }
  65   3              else
  66   3              {
  67   4                LCD_ShowString(1,14,"ERR");
  68   4                clear_pwd();
  69   4              }
  70   3            }
  71   2            
  72   2            if(keyNum == 15) // 取消
  73   2            {
  74   3              clear_pwd();
  75   3              LCD_ShowString(1,14,"");
  76   3            }
  77   2            
  78   2            if(keyNum && keyNum <= 10)
  79   2            {
  80   3              keyNum = keyNum%10;
  81   3              input *= 10;
  82   3              input += keyNum;
  83   3              if(input<=9999)
  84   3              {
  85   4                LCD_ShowNum(2,1,input,4);
  86   4              }
  87   3              else
  88   3              {
  89   4                input -= keyNum;
  90   4                input /= 10;
  91   4              }
  92   3            }
  93   2        }
  94   1      }
  95          


MODULE INFORMATION:   STATIC OVERLAYABLE
   CODE SIZE        =    785    ----
   CONSTANT SIZE    =     18    ----
   XDATA SIZE       =   ----    ----
   PDATA SIZE       =      5       1
   DATA SIZE        =   ----    ----
   IDATA SIZE       =   ----    ----
   BIT SIZE         =   ----    ----
END OF MODULE INFORMATION.


C51 COMPILATION COMPLETE.  0 WARNING(S),  0 ERROR(S)
