C51 COMPILER V9.60.7.0   NIXIE_TUBE                                                        05/14/2023 23:58:46 PAGE 1   


C51 COMPILER V9.60.7.0, COMPILATION OF MODULE NIXIE_TUBE
OBJECT MODULE PLACED IN .\Objects\nixie_tube.obj
COMPILER INVOKED BY: D:\Keil_v4\C51\BIN\C51.EXE nixie_tube.c COMPACT OPTIMIZE(8,SPEED) BROWSE DEBUG OBJECTEXTEND PRINT(.
                    -\Listings\nixie_tube.lst) TABS(2) OBJECT(.\Objects\nixie_tube.obj)

line level    source

   1          #include <REGX52.H>
   2          #include "delay.h"
   3          
   4          char table[] = {0x3F,0x06,0x5B,0x4F,0x66,0x6D,0x7D,0x07,0x7F,0x6F,0x77,0x7C,0x39,0x5E,0x79,0x71,0x00 };
   5          
   6          void nixie_locate(unsigned int locate, number)
   7          {
   8   1        P2_4 = (locate/4)<1?1:0;
   9   1        P2_3 = (locate == 4 | locate == 5 | locate==1 | locate==0)?1:0;
  10   1        P2_2 = locate%2 ? 0:1;
  11   1        P0 = table[number];
  12   1        delay(1);
  13   1        P0 = 0x00;
  14   1      }
  15          
  16          
  17          // ÊýÂë¹Ü 11011010
  18          void nixie_tube()
  19          {
  20   1        while(1)
  21   1        {
  22   2          nixie_locate(0, 5);
  23   2      //    delay(0.02);
  24   2          nixie_locate(1, 6);
  25   2          nixie_locate(2, 7); 
  26   2          nixie_locate(3, 8); 
  27   2          nixie_locate(4, 9); 
  28   2          nixie_locate(5, 10);  
  29   2          nixie_locate(6, 11);
  30   2          nixie_locate(7, 12);
  31   2        }
  32   1      }


MODULE INFORMATION:   STATIC OVERLAYABLE
   CODE SIZE        =    206    ----
   CONSTANT SIZE    =   ----    ----
   XDATA SIZE       =   ----    ----
   PDATA SIZE       =     17    ----
   DATA SIZE        =   ----    ----
   IDATA SIZE       =   ----    ----
   BIT SIZE         =   ----    ----
END OF MODULE INFORMATION.


C51 COMPILATION COMPLETE.  0 WARNING(S),  0 ERROR(S)
