C51 COMPILER V9.60.7.0   PWM                                                               05/14/2023 23:58:47 PAGE 1   


C51 COMPILER V9.60.7.0, COMPILATION OF MODULE PWM
OBJECT MODULE PLACED IN .\Objects\pwm.obj
COMPILER INVOKED BY: D:\Keil_v4\C51\BIN\C51.EXE pwm.c COMPACT OPTIMIZE(8,SPEED) BROWSE DEBUG OBJECTEXTEND PRINT(.\Listin
                    -gs\pwm.lst) TABS(2) OBJECT(.\Objects\pwm.obj)

line level    source

   1          #include <REGX52.H>
   2          #include "pwm.h"
   3          #include "delay.h"
   4          #include "nixie_tube.h"
   5          #include "key.h"
   6          
   7          sbit  LED = P1^0;
   8          
   9          void Delay0(unsigned int t)
  10          {
  11   1        while(t--);
  12   1      }
  13          
  14          void breath()
  15          {
  16   1          unsigned char time, i;
  17   1      //  unsigned int left;
  18   1        while(1)
  19   1        {
  20   2          for(time=0; time<100; time++)
  21   2          {
  22   3            for(i=0; i<20; i++)
  23   3            {
  24   4              LED=0;
  25   4      //        left = 100-time;
  26   4      //        while(time--);
  27   4              Delay0(time);
  28   4              LED=1;
  29   4      //        while(left--);
  30   4              Delay0(100-time);
  31   4            }
  32   3          }
  33   2          for(time=100; time>0; time--)
  34   2          {
  35   3            for(i=0; i<20; i++)
  36   3            {
  37   4              LED=0;
  38   4      //        left = 100-time;
  39   4      //        while(time--);
  40   4              Delay0(time);
  41   4              LED=1;
  42   4      //        while(left--);
  43   4              Delay0(100-time);
  44   4            }
  45   3          }
  46   2        }
  47   1      }
  48          
  49          void timer_init()
  50          {
  51   1        TMOD=TMOD&0xF0;
  52   1        TMOD=TMOD|0x01;
  53   1        TF0=0;
  54   1        TR0=1;
C51 COMPILER V9.60.7.0   PWM                                                               05/14/2023 23:58:47 PAGE 2   

  55   1        TH0=0xFF;
  56   1        TL0=0x9C;
  57   1        ET0=1;
  58   1        EA=1;
  59   1        PT0=0;
  60   1      }
  61          
  62          unsigned char cnt, cmp;
  63          unsigned char key, speed;
  64          
  65          void dianji()
  66          {
  67   1        timer_init();
  68   1        cmp = 50;
  69   1        while(1)
  70   1        {
  71   2          key = get_key();
  72   2          if(key == 1)
  73   2          {
  74   3            speed++;
  75   3            speed%=4;
  76   3            if(speed == 0) {cmp = 0;}
  77   3            if(speed == 1) {cmp = 40;}
  78   3            if(speed == 2) {cmp = 60;}
  79   3            if(speed == 3) {cmp = 90;}
  80   3          }
  81   2          nixie_locate(0, speed);
  82   2        }
  83   1      }
  84          
  85          void pwm_test()
  86          {
  87   1        dianji();
  88   1      }
  89          
  90          void Timer0_Routine() interrupt 1
  91          {
  92   1        TH0=0xFF;
  93   1        TL0=0x9C;
  94   1        cnt++;
  95   1        cnt%=100;
  96   1        if(cnt < cmp)
  97   1        {
  98   2          LED = 1;
  99   2        }
 100   1        else
 101   1        {
 102   2          LED = 0;
 103   2        }
 104   1      }


MODULE INFORMATION:   STATIC OVERLAYABLE
   CODE SIZE        =    234    ----
   CONSTANT SIZE    =   ----    ----
   XDATA SIZE       =   ----    ----
   PDATA SIZE       =      4    ----
   DATA SIZE        =   ----    ----
   IDATA SIZE       =   ----    ----
   BIT SIZE         =   ----    ----
END OF MODULE INFORMATION.


C51 COMPILATION COMPLETE.  0 WARNING(S),  0 ERROR(S)
